<?xml version="1.0" encoding="UTF-8"?>
<!-- Generated by org.testng.reporters.JUnitXMLReporter -->
<testsuite hostname="Dell-43G7TC2" ignored="0" name="Default test" tests="6" failures="0" timestamp="13 Jan 2019 13:30:28 GMT" time="0.64" errors="0">
  <testcase name="testAddEdge" time="0.062" classname="pl.rwroblewski.collibrainterview.controller.MessageHandlerTest"/>
  <testcase name="testAddNode" time="0.0" classname="pl.rwroblewski.collibrainterview.controller.MessageHandlerTest"/>
  <testcase name="testRemoveEdge" time="0.0" classname="pl.rwroblewski.collibrainterview.controller.MessageHandlerTest"/>
  <testcase name="testRemoveNode" time="0.0" classname="pl.rwroblewski.collibrainterview.controller.MessageHandlerTest"/>
  <testcase name="testSignin" time="0.0" classname="pl.rwroblewski.collibrainterview.controller.MessageHandlerTest"/>
  <testcase name="testSignout" time="0.0" classname="pl.rwroblewski.collibrainterview.controller.MessageHandlerTest"/>
</testsuite> <!-- Default test -->
